0.008009534022296932
0.3231681728456743
0.011969689003786388
0.013495486451687336
0.5836686206019333
0.008009534022296932
0.3231681728456743
0.011969689003786388
0.013495486451687336
0.5836686206019333
0.03658225156338089
0.005761855307507441
0.028715898284998185
0.05143484090980553
0.019721050346711927
0.008009534022296932
0.3231681728456743
0.011969689003786388
0.013495486451687336
0.5836686206019333
0.03658225156338089
0.005761855307507441
0.028715898284998185
0.05143484090980553
0.019721050346711927
